2018-01-29T14:53:57.783Z - GET /
2018-01-29T14:54:03.537Z - GET /blogs
2018-01-29T14:54:30.774Z - GET /blogs/2
2018-01-29T14:55:27.352Z - POST /blogs
2018-01-29T14:55:35.984Z - POST /blogs
2018-01-29T14:55:44.049Z - GET /blogs
2018-01-29T14:56:04.532Z - DELETE /blogs/3
2018-01-29T14:56:10.568Z - GET /blogs
2018-01-29T14:56:19.613Z - POST /blogs
2018-01-29T14:56:23.704Z - GET /blogs
2018-01-29T14:56:51.549Z - PUT /blogs/3
2018-01-29T14:56:58.355Z - GET /blogs
2018-01-29T14:58:04.711Z - GET /
2018-01-29T14:58:04.728Z - GET /favicon.ico
2018-01-29T14:58:10.975Z - GET /gfds%20gfd
2018-01-29T14:58:10.996Z - GET /favicon.ico
2018-02-06T09:29:32.238Z - GET /
2018-02-06T09:30:22.621Z - GET /
2018-02-06T09:30:31.079Z - GET /
2018-02-06T09:30:34.464Z - GET /
2018-02-06T09:31:58.621Z - GET /
2018-02-06T09:32:08.613Z - GET /
2018-02-06T09:32:08.935Z - GET /favicon.ico
2018-02-06T09:33:10.193Z - GET /
2018-02-06T09:33:10.298Z - GET /favicon.ico
2018-02-06T09:38:03.077Z - GET /
2018-02-06T09:38:03.207Z - GET /favicon.ico
2018-02-06T09:38:14.257Z - GET /
2018-02-06T09:38:14.377Z - GET /favicon.ico
2018-02-06T09:38:57.370Z - GET /
2018-02-06T09:38:57.480Z - GET /favicon.ico
2018-02-06T09:43:02.442Z - GET /
2018-02-06T09:43:02.527Z - GET /favicon.ico
2018-02-06T09:48:36.009Z - GET /
2018-02-06T09:48:36.108Z - GET /favicon.ico
2018-02-06T12:16:26.629Z - GET /
2018-02-06T12:16:26.746Z - GET /favicon.ico
2018-02-06T12:29:26.808Z - GET /
2018-02-06T12:29:26.947Z - GET /favicon.ico
2018-02-06T12:35:36.290Z - GET /
2018-02-06T12:35:36.402Z - GET /favicon.ico
2018-02-06T12:43:42.396Z - GET /
2018-02-06T12:43:42.515Z - GET /favicon.ico
2018-02-06T12:44:48.090Z - GET /
2018-02-06T12:44:48.181Z - GET /style.css
2018-02-06T12:44:48.212Z - GET /favicon.ico
2018-02-06T12:44:49.154Z - GET /
2018-02-06T12:44:49.239Z - GET /style.css
2018-02-06T12:44:49.264Z - GET /favicon.ico
2018-02-06T12:45:05.096Z - GET /
2018-02-06T12:45:05.171Z - GET /style.css
2018-02-06T12:45:05.185Z - GET /favicon.ico
2018-02-06T12:45:30.653Z - GET /
2018-02-06T12:45:30.721Z - GET /style.css
2018-02-06T12:45:30.737Z - GET /favicon.ico
2018-02-06T12:45:31.622Z - GET /
2018-02-06T12:45:31.713Z - GET /style.css
2018-02-06T12:45:31.736Z - GET /favicon.ico
2018-02-06T12:45:58.299Z - GET /
2018-02-06T12:45:58.372Z - GET /style.css
2018-02-06T12:45:58.388Z - GET /favicon.ico
2018-02-06T12:46:20.214Z - GET /
2018-02-06T12:46:20.283Z - GET /style.css
2018-02-06T12:46:20.296Z - GET /favicon.ico
2018-02-06T12:46:21.341Z - GET /
2018-02-06T12:46:21.458Z - GET /style.css
2018-02-06T12:46:21.494Z - GET /favicon.ico
2018-02-06T12:47:04.416Z - GET /
2018-02-06T12:47:04.502Z - GET /style.css
2018-02-06T12:47:04.524Z - GET /favicon.ico
2018-02-06T12:47:04.958Z - GET /
2018-02-06T12:47:05.051Z - GET /style.css
2018-02-06T12:47:05.081Z - GET /favicon.ico
2018-02-06T12:47:05.163Z - GET /
2018-02-06T12:47:05.256Z - GET /style.css
2018-02-06T12:47:05.291Z - GET /favicon.ico
2018-02-06T12:47:05.367Z - GET /
2018-02-06T12:47:05.456Z - GET /style.css
2018-02-06T12:47:05.480Z - GET /favicon.ico
2018-02-06T12:47:09.894Z - GET /favicon.ico
2018-02-06T12:47:11.429Z - GET /style.css
2018-02-06T12:47:11.445Z - GET /favicon.ico
2018-02-06T12:47:18.341Z - GET /style.css
2018-02-06T12:47:18.363Z - GET /favicon.ico
2018-02-06T12:47:25.871Z - GET /
2018-02-06T12:47:26.302Z - GET /favicon.ico
2018-02-06T12:47:27.539Z - GET /style.css
2018-02-06T12:50:11.102Z - GET /
2018-02-06T12:50:11.246Z - GET /style.css
2018-02-06T12:50:12.091Z - GET /
2018-02-06T12:50:12.192Z - GET /style.css
2018-02-06T12:50:42.275Z - GET /
2018-02-06T12:50:42.363Z - GET /blogs/style.css
2018-02-06T12:50:53.978Z - GET /
2018-02-06T12:50:54.073Z - GET /blogs/style.css
2018-02-06T12:51:23.560Z - GET /
2018-02-06T12:51:23.651Z - GET /blogs/style.css
2018-02-06T12:52:07.815Z - GET /
2018-02-06T12:52:07.900Z - GET /blogs/style.css
2018-02-06T12:52:16.587Z - GET /
2018-02-06T12:52:16.669Z - GET /blogs/style.css
2018-02-06T12:54:37.460Z - GET /
2018-02-06T12:54:37.548Z - GET /blogs/style.css
2018-02-06T12:54:38.505Z - GET /
2018-02-06T12:54:38.601Z - GET /blogs/style.css
2018-02-06T12:55:19.685Z - GET /
2018-02-06T12:55:19.757Z - GET /blogs/style.css
2018-02-06T12:56:00.760Z - GET /
2018-02-06T12:56:00.862Z - GET /blogs/style.css
2018-02-06T12:56:47.411Z - GET /
2018-02-06T12:56:47.501Z - GET /blogs/style.css
2018-02-06T12:56:48.532Z - GET /
2018-02-06T12:56:48.616Z - GET /blogs/style.css
2018-02-06T12:57:29.619Z - GET /
2018-02-06T12:57:29.711Z - GET /blogs/style.css
2018-02-06T12:58:05.651Z - GET /
2018-02-06T12:58:05.721Z - GET /blogs/style.css
2018-02-06T12:58:10.434Z - GET /
2018-02-06T12:58:10.521Z - GET /blogs/style.css
2018-02-06T12:58:11.397Z - GET /
2018-02-06T12:58:11.478Z - GET /blogs/style.css
2018-02-06T12:58:15.481Z - GET /
2018-02-06T12:58:15.571Z - GET /blogs/style.css
2018-02-06T12:58:37.742Z - GET /
2018-02-06T12:58:37.828Z - GET /blogs/style.css
2018-02-06T12:58:54.945Z - GET /
2018-02-06T12:58:55.029Z - GET /blogs/style.css
2018-02-06T12:59:26.807Z - GET /
2018-02-06T12:59:26.906Z - GET /blogs/style.css
2018-02-06T12:59:43.922Z - GET /
2018-02-06T12:59:44.003Z - GET /blogs/style.css
2018-02-06T13:00:01.186Z - GET /
2018-02-06T13:00:01.285Z - GET /blogs/style.css
2018-02-06T13:01:50.584Z - GET /
2018-02-06T13:01:50.655Z - GET /blogs/style.css
2018-02-06T13:02:57.984Z - GET /
2018-02-06T13:02:58.068Z - GET /blogs/style.css
2018-02-06T13:04:27.045Z - GET /
2018-02-06T13:04:27.435Z - GET /blogs/style.css
2018-02-06T13:05:32.851Z - GET /
2018-02-06T13:05:32.932Z - GET /blogs/style.css
2018-02-06T13:05:33.543Z - GET /
2018-02-06T13:05:33.638Z - GET /blogs/style.css
2018-02-06T13:05:43.036Z - GET /
2018-02-06T13:05:43.120Z - GET /blogs/style.css
2018-02-06T13:05:43.967Z - GET /
2018-02-06T13:05:44.053Z - GET /blogs/style.css
2018-02-06T13:06:02.686Z - GET /
2018-02-06T13:06:02.770Z - GET /blogs/style.css
2018-02-06T13:06:13.813Z - GET /
2018-02-06T13:06:13.896Z - GET /blogs/style.css
2018-02-06T13:07:02.664Z - GET /
2018-02-06T13:07:02.745Z - GET /blogs/style.css
2018-02-06T13:07:03.425Z - GET /
2018-02-06T13:07:03.518Z - GET /blogs/style.css
2018-02-06T13:07:31.281Z - GET /
2018-02-06T13:07:31.366Z - GET /blogs/style.css
2018-02-06T13:07:31.983Z - GET /
2018-02-06T13:07:32.076Z - GET /blogs/style.css
2018-02-06T13:11:33.883Z - GET /
2018-02-06T13:12:49.926Z - GET /
2018-02-06T13:12:50.025Z - GET /blogs/style.css
2018-02-06T13:13:52.998Z - GET /
2018-02-06T13:13:53.079Z - GET /blogs/style.css
2018-02-06T13:14:02.023Z - GET /
2018-02-06T13:14:02.106Z - GET /blogs/style.css
2018-02-06T13:14:16.739Z - GET /
2018-02-06T13:14:16.817Z - GET /blogs/style.css
2018-02-06T13:15:15.957Z - GET /
2018-02-06T13:15:16.061Z - GET /blogs/style.css
2018-02-06T13:15:22.919Z - GET /
2018-02-06T13:15:22.998Z - GET /blogs/style.css
2018-02-06T13:16:13.827Z - GET /
2018-02-06T13:16:13.906Z - GET /style.css
2018-02-06T13:16:13.907Z - GET /blogs/style.css
2018-02-06T13:16:24.166Z - GET /
2018-02-06T13:16:24.249Z - GET /style.css
2018-02-06T13:16:24.249Z - GET /blogs/style.css
2018-02-06T13:16:25.037Z - GET /
2018-02-06T13:16:25.127Z - GET /style.css
2018-02-06T13:16:25.128Z - GET /blogs/style.css
2018-02-06T13:16:35.229Z - GET /
2018-02-06T13:16:35.316Z - GET /style.css
2018-02-06T13:16:35.317Z - GET /blogs/style.css
2018-02-06T13:16:44.160Z - GET /
2018-02-06T13:16:44.241Z - GET /style.css
2018-02-06T13:16:44.242Z - GET /blogs/style.css
2018-02-06T13:16:53.315Z - GET /
2018-02-06T13:16:53.395Z - GET /style.css
2018-02-06T13:16:53.395Z - GET /blogs/style.css
2018-02-06T13:17:06.458Z - GET /
2018-02-06T13:17:06.545Z - GET /style.css
2018-02-06T13:17:06.546Z - GET /blogs/style.css
2018-02-06T13:17:24.847Z - GET /
2018-02-06T13:17:24.929Z - GET /style.css
2018-02-06T13:17:24.930Z - GET /blogs/style.css
2018-02-06T13:17:41.466Z - GET /
2018-02-06T13:17:41.550Z - GET /style.css
2018-02-06T13:17:41.550Z - GET /blogs/style.css
2018-02-06T13:18:14.139Z - GET /
2018-02-06T13:18:14.224Z - GET /style.css
2018-02-06T13:18:14.226Z - GET /blogs/style.css
2018-02-06T13:18:29.994Z - GET /
2018-02-06T13:18:30.084Z - GET /style.css
2018-02-06T13:18:30.085Z - GET /blogs/style.css
2018-02-06T13:18:36.329Z - GET /
2018-02-06T13:18:36.417Z - GET /style.css
2018-02-06T13:18:36.417Z - GET /blogs/style.css
2018-02-06T13:18:45.000Z - GET /
2018-02-06T13:18:45.082Z - GET /style.css
2018-02-06T13:18:45.083Z - GET /blogs/style.css
2018-02-06T13:18:50.000Z - GET /
2018-02-06T13:18:50.089Z - GET /style.css
2018-02-06T13:18:50.090Z - GET /blogs/style.css
2018-02-06T13:18:57.010Z - GET /
2018-02-06T13:18:57.097Z - GET /style.css
2018-02-06T13:18:57.098Z - GET /blogs/style.css
2018-02-06T13:19:21.972Z - GET /
2018-02-06T13:19:22.046Z - GET /style.css
2018-02-06T13:19:22.047Z - GET /blogs/style.css
2018-02-06T13:19:27.827Z - GET /
2018-02-06T13:19:27.913Z - GET /style.css
2018-02-06T13:19:27.913Z - GET /blogs/style.css
2018-02-06T13:20:09.482Z - GET /
2018-02-06T13:20:09.561Z - GET /style.css
2018-02-06T13:20:09.561Z - GET /blogs/style.css
2018-02-06T13:20:27.604Z - GET /
2018-02-06T13:20:27.686Z - GET /style.css
2018-02-06T13:20:27.686Z - GET /blogs/style.css
2018-02-06T13:20:40.105Z - GET /
2018-02-06T13:20:40.194Z - GET /style.css
2018-02-06T13:20:40.194Z - GET /blogs/style.css
2018-02-06T13:20:47.280Z - GET /
2018-02-06T13:20:47.359Z - GET /style.css
2018-02-06T13:20:47.360Z - GET /blogs/style.css
2018-02-06T13:20:53.197Z - GET /
2018-02-06T13:20:53.292Z - GET /style.css
2018-02-06T13:20:53.293Z - GET /blogs/style.css
2018-02-06T13:21:05.116Z - GET /2
2018-02-06T13:21:49.425Z - GET /
2018-02-06T13:21:49.511Z - GET /style.css
2018-02-06T13:21:49.511Z - GET /blogs/style.css
2018-02-06T13:22:06.276Z - GET /
2018-02-06T13:22:06.357Z - GET /style.css
2018-02-06T13:22:06.358Z - GET /blogs/style.css
2018-02-06T13:22:11.889Z - GET /
2018-02-06T13:22:11.982Z - GET /style.css
2018-02-06T13:22:11.983Z - GET /blogs/style.css
2018-02-06T13:22:41.004Z - GET /
2018-02-06T13:22:41.087Z - GET /style.css
2018-02-06T13:22:41.089Z - GET /blogs/style.css
2018-02-06T13:23:19.405Z - GET /
2018-02-06T13:23:19.780Z - GET /style.css
2018-02-06T13:23:19.781Z - GET /blogs/style.css
2018-02-06T13:25:35.699Z - GET /
2018-02-06T13:25:35.816Z - GET /style.css
2018-02-06T13:25:35.818Z - GET /blogs/style.css
2018-02-06T13:25:38.482Z - GET /blogs
2018-02-06T13:25:38.487Z - GET /blogs/
2018-02-06T13:25:38.587Z - GET /blogs/style.css
2018-02-06T13:25:38.589Z - GET /blogs/blogs/style.css
2018-02-06T13:25:46.624Z - GET /
2018-02-06T13:25:46.721Z - GET /style.css
2018-02-06T13:25:46.722Z - GET /blogs/style.css
2018-02-06T13:25:50.740Z - GET /blogs/
2018-02-06T13:25:50.843Z - GET /blogs/style.css
2018-02-06T13:25:50.844Z - GET /blogs/blogs/style.css
2018-02-06T13:26:26.256Z - GET /blogs/
2018-02-06T13:26:26.347Z - GET /blogs/style.css
2018-02-06T13:26:26.348Z - GET /blogs/blogs/style.css
2018-02-06T13:26:27.762Z - GET /blogs/
2018-02-06T13:26:27.855Z - GET /blogs/style.css
2018-02-06T13:26:27.856Z - GET /blogs/blogs/style.css
2018-02-06T13:26:30.257Z - GET /
2018-02-06T13:26:30.362Z - GET /style.css
2018-02-06T13:26:30.365Z - GET /blogs/style.css
2018-02-06T13:26:30.482Z - GET /blogs/style.css
2018-02-06T13:26:39.837Z - GET /
2018-02-06T13:26:44.855Z - GET /blogs/
2018-02-06T13:26:44.973Z - GET /blogs/style.css
2018-02-06T13:26:44.974Z - GET /blogs/blogs/style.css
2018-02-06T13:27:00.522Z - GET /blogs/
2018-02-06T13:27:00.830Z - GET /blogs/style.css
2018-02-06T13:27:00.831Z - GET /blogs/blogs/style.css
2018-02-06T13:27:57.973Z - GET /blogs/
2018-02-06T13:27:58.096Z - GET /blogs/style.css
2018-02-06T13:27:58.098Z - GET /blogs/blogs/style.css
2018-02-06T13:28:00.073Z - GET /blogs/2
2018-02-06T13:30:13.297Z - GET /blogs/2
2018-02-06T13:30:19.453Z - GET /blogs/2
2018-02-06T13:30:38.311Z - GET /blogs/2
2018-02-06T13:30:46.497Z - GET /blogs/2
2018-02-06T13:30:47.329Z - GET /blogs/
2018-02-06T13:30:47.551Z - GET /blogs/style.css
2018-02-06T13:30:47.556Z - GET /blogs/blogs/style.css
2018-02-06T13:30:49.847Z - GET /blogs/2
2018-02-06T13:31:12.978Z - GET /blogs/2
2018-02-06T13:31:42.485Z - GET /blogs/2
2018-02-06T13:32:55.074Z - GET /blogs/2
2018-02-06T13:32:57.681Z - GET /blogs/2
2018-02-06T13:34:51.197Z - GET /blogs/
2018-02-06T13:34:51.390Z - GET /blogs/style.css
2018-02-06T13:34:51.394Z - GET /blogs/blogs/style.css
2018-02-06T13:34:53.989Z - GET /blogs/2
2018-02-06T13:35:10.378Z - GET /blogs/2
2018-02-06T13:37:06.603Z - GET /blogs/2
2018-02-06T13:37:17.302Z - GET /blogs/2
2018-02-06T13:37:18.783Z - GET /blogs/2
2018-02-06T13:38:37.451Z - GET /blogs/2
2018-02-06T13:39:33.098Z - GET /blogs/2
2018-02-06T13:40:07.282Z - GET /blogs/
2018-02-06T13:40:07.877Z - GET /blogs/style.css
2018-02-06T13:40:07.885Z - GET /blogs/blogs/style.css
2018-02-06T13:40:11.429Z - GET /
2018-02-06T13:40:11.618Z - GET /style.css
2018-02-06T13:40:11.625Z - GET /blogs/style.css
2018-02-06T13:40:11.669Z - GET /blogs/style.css
2018-02-06T13:40:14.690Z - GET /2
2018-02-06T13:40:18.670Z - GET /blogs/
2018-02-06T13:40:18.846Z - GET /blogs/style.css
2018-02-06T13:40:18.851Z - GET /blogs/blogs/style.css
2018-02-06T13:40:19.322Z - GET /blogs/2
2018-02-06T13:40:42.596Z - GET /blogs/2
2018-02-06T13:40:43.523Z - GET /blogs/blog/style.css
2018-02-06T13:40:43.535Z - GET /blogs/2
2018-02-06T13:40:43.704Z - GET /blogs/style.css
2018-02-06T13:40:43.705Z - GET /blogs/blog/style.css
2018-02-06T13:40:45.265Z - GET /blogs/2
2018-02-06T13:40:45.448Z - GET /blogs/style.css
2018-02-06T13:40:45.453Z - GET /blogs/blog/style.css
2018-02-06T13:41:37.313Z - GET /blogs/2
2018-02-06T13:41:37.472Z - GET /blogs/style.css
2018-02-06T13:41:37.472Z - GET /blogs/blog/style.css
2018-02-06T13:41:42.388Z - GET /blogs/style.css
2018-02-06T13:41:45.030Z - GET /blogs/
2018-02-06T13:41:45.219Z - GET /blogs/style.css
2018-02-06T13:41:45.220Z - GET /blogs/blogs/style.css
2018-02-06T13:42:03.336Z - GET /blogs/
2018-02-06T13:42:03.514Z - GET /style.css
2018-02-06T13:42:03.517Z - GET /blogs/blogs/style.css
2018-02-06T13:42:10.769Z - GET /blogs/
2018-02-06T13:42:10.956Z - GET /blogs/style.css
2018-02-06T13:42:10.957Z - GET /blogs/blogs/style.css
2018-02-06T13:42:42.673Z - GET /blogs/
2018-02-06T13:42:42.860Z - GET /blogs/style.css
2018-02-06T13:42:42.861Z - GET /blogs/blogs/style.css
2018-02-06T13:42:45.456Z - GET /blogs/2
2018-02-06T13:42:45.635Z - GET /blogs/style.css
2018-02-06T13:42:45.638Z - GET /blogs/blog/style.css
2018-02-06T13:42:45.731Z - GET /blogs/style.css
2018-02-06T13:42:59.744Z - GET /blogs/2
2018-02-06T13:42:59.923Z - GET /blogs/style.css
2018-02-06T13:42:59.924Z - GET /blogs/blog/style.css
2018-02-06T13:43:00.675Z - GET /blogs/2
2018-02-06T13:43:00.870Z - GET /blogs/style.css
2018-02-06T13:43:00.874Z - GET /blogs/blog/style.css
2018-02-06T13:43:24.200Z - GET /blogs/2
2018-02-06T13:43:24.379Z - GET /blogs/main.css
2018-02-06T13:43:24.381Z - GET /blogs/blog/style.css
2018-02-06T13:43:25.582Z - GET /blogs/2
2018-02-06T13:43:25.764Z - GET /blogs/main.css
2018-02-06T13:43:25.773Z - GET /blogs/blog/style.css
2018-02-06T13:43:28.930Z - GET /blogs/
2018-02-06T13:43:29.104Z - GET /blogs/main.css
2018-02-06T13:43:29.139Z - GET /blogs/blogs/style.css
2018-02-06T13:43:57.670Z - GET /blogs/
2018-02-06T13:43:58.301Z - GET /blogs/main.css
2018-02-06T13:43:58.302Z - GET /blogs/blogs/style.css
2018-02-06T13:45:42.452Z - GET /
2018-02-06T13:45:42.555Z - GET /main.css
2018-02-06T13:45:42.561Z - GET /blogs/style.css
2018-02-06T13:45:48.885Z - GET /blogs/
2018-02-06T13:45:49.006Z - GET /blogs/main.css
2018-02-06T13:45:49.016Z - GET /blogs/blogs/style.css
2018-02-06T13:46:54.502Z - GET /blogs/
2018-02-06T13:46:54.663Z - GET /blogs/main.css
2018-02-06T13:46:54.664Z - GET /blogs/blogs/style.css
2018-02-06T13:47:07.533Z - GET /blogs/
2018-02-06T13:47:07.622Z - GET /blogs/main.css
2018-02-06T13:47:07.623Z - GET /blogs/blogs/style.css
2018-02-06T13:50:29.764Z - GET /blogs/
2018-02-06T13:50:29.900Z - GET /blogs/main.css
2018-02-06T13:50:29.902Z - GET /blogs/blogs/style.css
2018-02-06T13:50:56.552Z - GET /
2018-02-06T13:50:56.682Z - GET /main.css
2018-02-06T13:50:56.683Z - GET /blogs/style.css
2018-02-06T13:51:01.419Z - GET /blogs/
2018-02-06T13:51:01.548Z - GET /blogs/main.css
2018-02-06T13:51:01.558Z - GET /blogs/blogs/style.css
2018-02-06T13:51:21.804Z - GET /blogs/main.css
2018-02-06T13:51:33.820Z - GET /blogs/main.css
2018-02-06T13:51:34.123Z - GET /blogs/
2018-02-06T13:51:43.099Z - GET /blogs/
2018-02-06T13:51:43.565Z - GET /blogs/main.css
2018-02-06T13:51:43.566Z - GET /blogs/blogs/style.css
2018-02-06T13:53:43.575Z - GET /blogs/main.css
2018-02-06T13:55:25.109Z - GET /blogs/2
2018-02-06T13:55:29.113Z - GET /blogs/2
2018-02-06T13:55:43.966Z - GET /blogs/2
2018-02-06T13:55:44.139Z - GET /blogs/2
2018-02-06T13:55:54.892Z - GET /blogs/2
2018-02-06T13:55:55.127Z - GET /blogs/main.css
2018-02-06T13:55:55.132Z - GET /blogs/blog/style.css
2018-02-06T13:56:00.623Z - GET /blogs/
2018-02-06T13:56:00.717Z - GET /blogs/main.css
2018-02-06T13:56:00.717Z - GET /blogs/blogs/style.css
2018-02-06T13:56:45.062Z - GET /blogs/
2018-02-06T13:56:45.152Z - GET /blogs/main.css
2018-02-06T13:56:45.153Z - GET /blogs/blogs/style.css
2018-02-06T13:56:54.303Z - GET /blogs/
2018-02-06T13:56:54.638Z - GET /blogs/main.css
2018-02-06T13:56:54.639Z - GET /blogs/blogs/style.css
2018-02-06T13:57:03.239Z - GET /blogs/2
2018-02-06T13:57:03.347Z - GET /blogs/main.css
2018-02-06T13:57:03.357Z - GET /blogs/blog/style.css
2018-02-06T13:57:05.875Z - GET /blogs/
2018-02-06T13:57:05.945Z - GET /blogs/main.css
2018-02-06T13:57:05.945Z - GET /blogs/blogs/style.css
2018-02-06T13:57:27.096Z - GET /blogs/
2018-02-06T13:57:27.211Z - GET /blogs/main.css
2018-02-06T13:57:27.212Z - GET /blogs/blogs/style.css
2018-02-06T13:57:30.841Z - GET /blogs/main.css
2018-02-06T13:57:30.841Z - GET /blogs/blogs/style.css
2018-02-06T13:58:27.052Z - GET /blogs/
2018-02-06T13:58:27.797Z - GET /blogs/style.css
2018-02-06T13:58:27.799Z - GET /blogs/blogs/style.css
2018-02-06T13:58:30.714Z - GET /blogs/2
2018-02-06T13:58:30.824Z - GET /blogs/style.css
2018-02-06T13:58:30.827Z - GET /blogs/blog/style.css
2018-02-06T13:58:31.037Z - GET /blogs/style.css
2018-02-06T13:58:37.849Z - GET /blogs/
2018-02-06T13:58:37.945Z - GET /blogs/style.css
2018-02-06T13:58:37.946Z - GET /blogs/blogs/style.css
2018-02-06T13:58:40.827Z - GET /blogs/
2018-02-06T13:58:40.927Z - GET /blogs/style.css
2018-02-06T13:58:40.928Z - GET /blogs/blogs/style.css
2018-02-06T13:58:42.262Z - GET /
2018-02-06T13:58:42.347Z - GET /style.css
2018-02-06T13:58:42.351Z - GET /blogs/style.css
2018-02-06T13:58:44.384Z - GET /blogs/style.css
2018-02-06T13:59:05.239Z - GET /blogs/2
2018-02-06T13:59:05.338Z - GET /blogs/style.css
2018-02-06T13:59:05.338Z - GET /blogs/blog/style.css
2018-02-06T14:04:42.101Z - GET /blogs/
2018-02-06T14:06:19.881Z - GET /blogs/
2018-02-06T14:06:42.493Z - GET /blogs/
2018-02-06T14:06:42.883Z - GET /blogs/style.css
2018-02-06T14:06:42.884Z - GET /blogs/blogs/style.css
2018-02-06T14:06:58.401Z - GET /blogs/style.css
2018-02-06T14:06:58.402Z - GET /blogs/blogs/style.css
2018-02-06T14:07:17.218Z - GET /blogs/
2018-02-06T14:07:17.323Z - GET /blogs/style.css
2018-02-06T14:07:17.324Z - GET /blogs/blogs/style.css
2018-02-06T14:07:18.356Z - GET /blogs/
2018-02-06T14:07:18.446Z - GET /blogs/style.css
2018-02-06T14:07:18.447Z - GET /blogs/blogs/style.css
2018-02-06T14:07:19.468Z - GET /blogs/
2018-02-06T14:07:19.542Z - GET /blogs/style.css
2018-02-06T14:07:19.542Z - GET /blogs/blogs/style.css
2018-02-06T14:07:31.036Z - GET /blogs/
2018-02-06T14:07:31.131Z - GET /blogs/style.css
2018-02-06T14:07:31.133Z - GET /blogs/blogs/style.css
2018-02-06T14:07:31.670Z - GET /blogs/
2018-02-06T14:07:31.759Z - GET /blogs/style.css
2018-02-06T14:07:31.763Z - GET /blogs/blogs/style.css
2018-02-06T14:07:42.811Z - GET /blogs/blogs/style.css
2018-02-06T14:07:49.973Z - GET /blogs/
2018-02-06T14:07:50.073Z - GET /blogs/style.css
2018-02-06T14:07:50.075Z - GET /blogs/blogs/style.css
2018-02-06T14:07:51.091Z - GET /blogs/
2018-02-06T14:07:51.186Z - GET /blogs/style.css
2018-02-06T14:07:51.186Z - GET /blogs/blogs/style.css
2018-02-06T14:08:11.526Z - GET /blogs/
2018-02-06T14:08:11.600Z - GET /blogs/style.css
2018-02-06T14:08:11.601Z - GET /blogs/blogs/style.css
2018-02-06T14:08:12.148Z - GET /blogs/
2018-02-06T14:08:12.234Z - GET /blogs/style.css
2018-02-06T14:08:12.234Z - GET /blogs/blogs/style.css
2018-02-06T14:08:13.228Z - GET /blogs/
2018-02-06T14:08:13.308Z - GET /blogs/style.css
2018-02-06T14:08:13.309Z - GET /blogs/blogs/style.css
2018-02-06T14:08:22.990Z - GET /blogs/
2018-02-06T14:08:23.071Z - GET /blogs/blogs/style.css
2018-02-06T14:08:23.071Z - GET /blogs/style.css
2018-02-06T14:08:23.620Z - GET /blogs/
2018-02-06T14:08:23.718Z - GET /blogs/blogs/style.css
2018-02-06T14:08:23.718Z - GET /blogs/style.css
2018-02-06T14:08:23.858Z - GET /blogs/
2018-02-06T14:08:23.954Z - GET /blogs/blogs/style.css
2018-02-06T14:08:23.955Z - GET /blogs/style.css
2018-02-06T14:08:24.050Z - GET /blogs/
2018-02-06T14:08:24.130Z - GET /blogs/blogs/style.css
2018-02-06T14:08:24.131Z - GET /blogs/style.css
2018-02-06T14:08:24.303Z - GET /blogs/
2018-02-06T14:08:24.391Z - GET /blogs/blogs/style.css
2018-02-06T14:08:24.392Z - GET /blogs/style.css
2018-02-06T14:08:24.524Z - GET /blogs/
2018-02-06T14:08:24.611Z - GET /blogs/blogs/style.css
2018-02-06T14:08:24.611Z - GET /blogs/style.css
2018-02-06T14:09:11.754Z - GET /blogs/
2018-02-06T14:09:11.864Z - GET /blogs/blogs/style.css
2018-02-06T14:09:11.866Z - GET /blogs/style.css
2018-02-06T14:09:12.437Z - GET /blogs/
2018-02-06T14:09:12.531Z - GET /blogs/blogs/style.css
2018-02-06T14:09:12.531Z - GET /blogs/style.css
2018-02-06T14:09:12.979Z - GET /blogs/
2018-02-06T14:09:13.069Z - GET /blogs/blogs/style.css
2018-02-06T14:09:13.070Z - GET /blogs/style.css
2018-02-06T14:09:13.347Z - GET /blogs/
2018-02-06T14:09:13.442Z - GET /blogs/blogs/style.css
2018-02-06T14:09:13.443Z - GET /blogs/style.css
2018-02-06T14:09:14.468Z - GET /blogs/
2018-02-06T14:09:14.550Z - GET /blogs/blogs/style.css
2018-02-06T14:09:14.550Z - GET /blogs/style.css
2018-02-06T14:09:16.911Z - GET /blogs/2
2018-02-06T14:09:21.767Z - GET /blogs/
2018-02-06T14:09:21.855Z - GET /blogs/blogs/style.css
2018-02-06T14:09:21.856Z - GET /blogs/style.css
2018-02-06T14:10:15.757Z - GET /blogs/
2018-02-06T14:10:15.910Z - GET /blogs/blogs/style.css
2018-02-06T14:10:15.911Z - GET /blogs/main.css
2018-02-06T14:10:16.892Z - GET /blogs/
2018-02-06T14:10:16.977Z - GET /blogs/blogs/style.css
2018-02-06T14:10:16.978Z - GET /blogs/main.css
2018-02-06T14:10:17.925Z - GET /blogs/
2018-02-06T14:10:18.020Z - GET /blogs/blogs/style.css
2018-02-06T14:10:18.021Z - GET /blogs/main.css
2018-02-06T14:10:18.924Z - GET /blogs/
2018-02-06T14:10:19.015Z - GET /blogs/blogs/style.css
2018-02-06T14:10:19.016Z - GET /blogs/main.css
2018-02-06T14:10:32.071Z - GET /blogs/
2018-02-06T14:10:32.201Z - GET /blogs/blogs/style.css
2018-02-06T14:10:32.202Z - GET /blogs/main.css
2018-02-06T14:10:32.715Z - GET /blogs/
2018-02-06T14:10:32.812Z - GET /blogs/blogs/style.css
2018-02-06T14:10:32.814Z - GET /blogs/main.css
2018-02-06T14:10:47.749Z - GET /blogs/
2018-02-06T14:10:47.849Z - GET /blogs/main.css
2018-02-06T14:10:47.850Z - GET /blogs/blogs/style.css
2018-02-06T14:10:48.932Z - GET /blogs/
2018-02-06T14:10:49.029Z - GET /blogs/main.css
2018-02-06T14:10:49.030Z - GET /blogs/blogs/style.css
2018-02-06T14:10:57.238Z - GET /
2018-02-06T14:11:02.870Z - GET /blogs/
2018-02-06T14:11:02.969Z - GET /blogs/main.css
2018-02-06T14:11:02.972Z - GET /blogs/blogs/style.css
2018-02-06T14:11:05.761Z - GET /blogs/main.css
2018-02-06T14:11:05.761Z - GET /blogs/blogs/style.css
2018-02-06T14:11:19.920Z - GET /blogs/
2018-02-06T14:11:20.007Z - GET /blogs/blogs/style.css
2018-02-06T14:11:20.571Z - GET /blogs/
2018-02-06T14:11:20.662Z - GET /blogs/blogs/style.css
2018-02-06T14:11:22.076Z - GET /blogs/
2018-02-06T14:11:22.158Z - GET /blogs/blogs/style.css
2018-02-06T14:11:22.909Z - GET /blogs/
2018-02-06T14:11:23.003Z - GET /blogs/blogs/style.css
2018-02-06T14:11:23.699Z - GET /blogs/
2018-02-06T14:11:23.780Z - GET /blogs/blogs/style.css
2018-02-06T14:11:49.862Z - GET /blogs/
2018-02-06T14:11:49.955Z - GET /blogs/main.css
2018-02-06T14:11:49.960Z - GET /blogs/blogs/style.css
2018-02-06T14:11:51.208Z - GET /blogs/
2018-02-06T14:11:51.285Z - GET /blogs/main.css
2018-02-06T14:11:51.286Z - GET /blogs/blogs/style.css
2018-02-06T14:11:51.745Z - GET /blogs/
2018-02-06T14:11:51.828Z - GET /blogs/main.css
2018-02-06T14:11:51.828Z - GET /blogs/blogs/style.css
2018-02-06T14:11:52.086Z - GET /blogs/
2018-02-06T14:11:52.170Z - GET /blogs/main.css
2018-02-06T14:11:52.171Z - GET /blogs/blogs/style.css
2018-02-06T14:11:52.428Z - GET /blogs/
2018-02-06T14:11:52.521Z - GET /blogs/main.css
2018-02-06T14:11:52.523Z - GET /blogs/blogs/style.css
2018-02-06T14:11:52.819Z - GET /blogs/
2018-02-06T14:11:52.918Z - GET /blogs/main.css
2018-02-06T14:11:52.919Z - GET /blogs/blogs/style.css
2018-02-06T14:12:58.068Z - GET /blogs/
2018-02-06T14:12:58.159Z - GET /blogs/views/main.css
2018-02-06T14:12:58.163Z - GET /blogs/views/blogs/style.css
2018-02-06T14:12:58.634Z - GET /blogs/
2018-02-06T14:12:58.728Z - GET /blogs/views/main.css
2018-02-06T14:12:58.731Z - GET /blogs/views/blogs/style.css
2018-02-06T14:12:59.115Z - GET /blogs/
2018-02-06T14:12:59.207Z - GET /blogs/views/main.css
2018-02-06T14:12:59.209Z - GET /blogs/views/blogs/style.css
2018-02-06T14:12:59.287Z - GET /blogs/
2018-02-06T14:12:59.366Z - GET /blogs/views/main.css
2018-02-06T14:12:59.370Z - GET /blogs/views/blogs/style.css
2018-02-06T14:13:08.192Z - GET /blogs/
2018-02-06T14:13:08.318Z - GET /blogs/views/main.css
2018-02-06T14:13:08.323Z - GET /blogs/views/blogs/style.css
2018-02-06T14:13:09.047Z - GET /blogs/
2018-02-06T14:13:09.140Z - GET /blogs/views/main.css
2018-02-06T14:13:09.142Z - GET /blogs/views/blogs/style.css
2018-02-06T14:13:35.417Z - GET /blogs/
2018-02-06T14:13:35.513Z - GET /blogs/blogs/style.css
2018-02-06T14:13:35.954Z - GET /blogs/
2018-02-06T14:13:36.057Z - GET /blogs/blogs/style.css
2018-02-06T14:13:36.163Z - GET /blogs/
2018-02-06T14:13:36.250Z - GET /blogs/blogs/style.css
2018-02-06T14:13:36.332Z - GET /blogs/
2018-02-06T14:13:36.416Z - GET /blogs/blogs/style.css
2018-02-06T14:13:36.693Z - GET /blogs/
2018-02-06T14:13:36.777Z - GET /blogs/blogs/style.css
2018-02-06T14:13:37.740Z - GET /blogs/
2018-02-06T14:13:37.849Z - GET /blogs/blogs/style.css
2018-02-06T14:13:52.137Z - GET /blogs/
2018-02-06T14:13:52.252Z - GET /blogs/blogs/style.css
2018-02-06T14:13:52.746Z - GET /blogs/
2018-02-06T14:13:52.832Z - GET /blogs/blogs/style.css
2018-02-06T14:13:53.074Z - GET /blogs/
2018-02-06T14:13:53.171Z - GET /blogs/blogs/style.css
2018-02-06T14:13:53.263Z - GET /blogs/
2018-02-06T14:13:53.348Z - GET /blogs/blogs/style.css
2018-02-06T14:13:53.454Z - GET /blogs/
2018-02-06T14:13:53.541Z - GET /blogs/blogs/style.css
2018-02-06T14:13:53.608Z - GET /blogs/
2018-02-06T14:13:53.698Z - GET /blogs/blogs/style.css
2018-02-06T14:13:53.766Z - GET /blogs/
2018-02-06T14:13:53.852Z - GET /blogs/blogs/style.css
2018-02-06T14:13:53.913Z - GET /blogs/
2018-02-06T14:13:53.997Z - GET /blogs/blogs/style.css
2018-02-06T14:13:54.057Z - GET /blogs/
2018-02-06T14:13:54.141Z - GET /blogs/blogs/style.css
2018-02-06T14:13:54.216Z - GET /blogs/
2018-02-06T14:13:54.290Z - GET /blogs/blogs/style.css
2018-02-06T14:13:54.375Z - GET /blogs/
2018-02-06T14:13:54.463Z - GET /blogs/blogs/style.css
2018-02-06T14:13:54.642Z - GET /blogs/
2018-02-06T14:13:54.719Z - GET /blogs/blogs/style.css
2018-02-06T14:16:00.257Z - GET /blogs/
2018-02-06T14:16:00.332Z - GET /blogs/views/blogs/style.css
2018-02-06T14:16:01.321Z - GET /blogs/
2018-02-06T14:16:01.414Z - GET /blogs/views/blogs/style.css
2018-02-06T14:16:01.784Z - GET /blogs/
2018-02-06T14:16:01.881Z - GET /blogs/views/blogs/style.css
2018-02-06T14:16:01.988Z - GET /blogs/
2018-02-06T14:16:02.085Z - GET /blogs/views/blogs/style.css
2018-02-06T14:16:02.175Z - GET /blogs/
2018-02-06T14:16:02.267Z - GET /blogs/views/blogs/style.css
2018-02-06T14:16:02.343Z - GET /blogs/
2018-02-06T14:16:02.434Z - GET /blogs/views/blogs/style.css
2018-02-06T14:16:02.518Z - GET /blogs/
2018-02-06T14:16:02.603Z - GET /blogs/views/blogs/style.css
2018-02-06T14:16:02.686Z - GET /blogs/
2018-02-06T14:16:02.775Z - GET /blogs/views/blogs/style.css
2018-02-06T14:16:02.846Z - GET /blogs/
2018-02-06T14:16:02.932Z - GET /blogs/views/blogs/style.css
2018-02-06T14:16:02.998Z - GET /blogs/
2018-02-06T14:16:03.399Z - GET /blogs/views/blogs/style.css
2018-02-06T14:16:03.420Z - GET /blogs/
2018-02-06T14:16:03.425Z - GET /blogs/
2018-02-06T14:16:04.087Z - GET /blogs/views/blogs/style.css
2018-02-06T14:16:04.102Z - GET /blogs/
2018-02-06T14:16:04.174Z - GET /blogs/views/blogs/style.css
2018-02-06T14:17:31.130Z - GET /blogs/
2018-02-06T14:17:31.248Z - GET /blogs/views/blogs/style.css
2018-02-06T14:17:31.680Z - GET /blogs/
2018-02-06T14:17:31.766Z - GET /blogs/views/blogs/style.css
2018-02-06T14:17:31.948Z - GET /blogs/
2018-02-06T14:17:32.028Z - GET /blogs/views/blogs/style.css
2018-02-06T14:17:32.110Z - GET /blogs/
2018-02-06T14:17:32.181Z - GET /blogs/views/blogs/style.css
2018-02-06T14:17:32.325Z - GET /blogs/
2018-02-06T14:17:32.410Z - GET /blogs/views/blogs/style.css
2018-02-06T14:17:43.017Z - GET /blogs/
2018-02-06T14:17:43.113Z - GET /blogs/views/blogs/style.css
2018-02-06T14:17:44.192Z - GET /blogs/
2018-02-06T14:17:44.276Z - GET /blogs/views/blogs/style.css
2018-02-06T14:17:45.072Z - GET /blogs/
2018-02-06T14:17:45.167Z - GET /blogs/views/blogs/style.css
2018-02-06T14:18:14.963Z - GET /blogs/
2018-02-06T14:18:15.081Z - GET /blogs/views/blogs/style.css
2018-02-06T14:18:15.497Z - GET /blogs/
2018-02-06T14:18:15.577Z - GET /blogs/views/blogs/style.css
2018-02-06T14:18:16.032Z - GET /blogs/
2018-02-06T14:18:16.121Z - GET /blogs/views/blogs/style.css
2018-02-06T14:18:28.358Z - GET /blogs/
2018-02-06T14:18:28.485Z - GET /blogs/views/blogs/style.css
2018-02-06T14:18:28.920Z - GET /blogs/
2018-02-06T14:18:29.017Z - GET /blogs/views/blogs/style.css
2018-02-06T14:18:29.206Z - GET /blogs/
2018-02-06T14:18:29.284Z - GET /blogs/views/blogs/style.css
2018-02-06T14:18:29.494Z - GET /blogs/
2018-02-06T14:18:29.571Z - GET /blogs/views/blogs/style.css
2018-02-06T14:18:30.424Z - GET /blogs/
2018-02-06T14:18:30.520Z - GET /blogs/views/blogs/style.css
2018-02-06T14:19:27.585Z - GET /blogs/
2018-02-06T14:19:27.731Z - GET /views/blogs/style.css
2018-02-06T14:19:28.400Z - GET /blogs/
2018-02-06T14:19:28.487Z - GET /views/blogs/style.css
2018-02-06T14:19:34.289Z - GET /blogs/
2018-02-06T14:19:34.389Z - GET /views/blogs/style.css
2018-02-06T14:20:02.171Z - GET /blogs/
2018-02-06T14:20:02.296Z - GET /views/blogs/style.css
2018-02-06T14:20:03.448Z - GET /blogs/
2018-02-06T14:20:03.547Z - GET /views/blogs/style.css
2018-02-06T14:20:20.952Z - GET /blogs/
2018-02-06T14:20:21.340Z - GET /views/blogs/style.css
2018-02-06T14:20:29.392Z - GET /blogs/
2018-02-06T14:20:29.484Z - GET /blogs/blogs/style.css
2018-02-06T14:20:57.877Z - GET /blogs/
2018-02-06T14:20:58.217Z - GET /blogs/blogs/style.css
2018-02-06T14:20:58.730Z - GET /blogs/
2018-02-06T14:20:58.813Z - GET /blogs/blogs/style.css
2018-02-06T14:20:59.959Z - GET /blogs/
2018-02-06T14:21:00.044Z - GET /blogs/blogs/style.css
2018-02-06T14:21:12.248Z - GET /blogs/
2018-02-06T14:21:12.377Z - GET /blogs/blogs/style.css
2018-02-06T14:23:46.775Z - GET /blogs/
2018-02-06T14:23:47.736Z - GET /blogs/
2018-02-06T14:23:57.739Z - GET /blogs/
2018-02-06T14:23:57.910Z - GET /blogs/blogs/style.css
2018-02-06T14:23:58.768Z - GET /blogs/
2018-02-06T14:23:58.851Z - GET /blogs/blogs/style.css
2018-02-06T14:23:59.015Z - GET /blogs/
2018-02-06T14:23:59.092Z - GET /blogs/blogs/style.css
2018-02-06T14:23:59.233Z - GET /blogs/
2018-02-06T14:23:59.308Z - GET /blogs/blogs/style.css
2018-02-06T14:23:59.379Z - GET /blogs/
2018-02-06T14:23:59.463Z - GET /blogs/blogs/style.css
2018-02-06T14:23:59.561Z - GET /blogs/
2018-02-06T14:23:59.647Z - GET /blogs/blogs/style.css
2018-02-06T14:23:59.707Z - GET /blogs/
2018-02-06T14:23:59.785Z - GET /blogs/blogs/style.css
2018-02-06T14:23:59.883Z - GET /blogs/
2018-02-06T14:23:59.986Z - GET /blogs/blogs/style.css
2018-02-06T14:24:34.332Z - GET /blogs/
2018-02-06T14:24:34.423Z - GET /views/blogs/style.css
2018-02-06T14:24:37.389Z - GET /blogs/
2018-02-06T14:24:37.491Z - GET /views/blogs/style.css
2018-02-06T14:24:38.933Z - GET /blogs/
2018-02-06T14:24:39.019Z - GET /views/blogs/style.css
2018-02-06T14:24:40.214Z - GET /blogs/
2018-02-06T14:24:40.302Z - GET /views/blogs/style.css
2018-02-06T14:24:45.616Z - GET /blogs/
2018-02-06T14:24:45.698Z - GET /views/blogs/style.css
2018-02-06T14:24:46.509Z - GET /blogs/
2018-02-06T14:24:46.604Z - GET /views/blogs/style.css
2018-02-06T14:24:47.039Z - GET /blogs/
2018-02-06T14:24:47.118Z - GET /views/blogs/style.css
2018-02-06T14:24:47.348Z - GET /blogs/
2018-02-06T14:24:47.422Z - GET /views/blogs/style.css
2018-02-06T14:24:56.451Z - GET /blogs/
2018-02-06T14:24:56.537Z - GET /views/blogs/style.css
2018-02-06T14:26:30.792Z - GET /blogs/
2018-02-06T14:26:30.911Z - GET /blogs/blogs/style.css
2018-02-06T14:26:31.533Z - GET /blogs/
2018-02-06T14:26:31.630Z - GET /blogs/blogs/style.css
2018-02-06T14:26:32.092Z - GET /blogs/
2018-02-06T14:26:32.186Z - GET /blogs/blogs/style.css
2018-02-06T14:26:32.781Z - GET /blogs/
2018-02-06T14:26:32.876Z - GET /blogs/blogs/style.css
2018-02-06T14:26:33.387Z - GET /blogs/
2018-02-06T14:26:33.472Z - GET /blogs/blogs/style.css
2018-02-06T14:26:48.621Z - GET /blogs/
2018-02-06T14:26:48.798Z - GET /blogs/blogs/style.css
2018-02-06T14:27:04.132Z - GET /blogs/
2018-02-06T14:27:04.223Z - GET /blogs/blogs/style.css
2018-02-06T14:28:53.981Z - GET /blogs/2
2018-02-06T14:29:24.467Z - GET /blogs/2
2018-02-06T14:29:26.366Z - GET /blogs/2
2018-02-06T14:29:27.125Z - GET /blogs/2
2018-02-06T14:29:27.854Z - GET /blogs/2
2018-02-06T14:29:37.834Z - GET /blogs/2
2018-02-06T14:29:37.947Z - GET /blogs/blog/style.css
2018-02-06T14:29:37.951Z - GET /blogs/style.css
2018-02-06T14:29:46.552Z - GET /blogs/2
2018-02-06T14:29:46.622Z - GET /blogs/blog/style.css
2018-02-06T14:29:46.623Z - GET /blogs/style.css
2018-02-06T14:29:49.783Z - GET /blogs/
2018-02-06T14:29:49.897Z - GET /blogs/blogs/style.css
2018-02-06T14:29:52.512Z - GET /blogs/2
2018-02-06T14:29:52.620Z - GET /blogs/blog/style.css
2018-02-06T14:29:52.622Z - GET /blogs/style.css
2018-02-06T14:30:29.774Z - GET /blogs/2
2018-02-06T14:30:32.856Z - GET /blogs/
2018-02-06T14:30:34.928Z - GET /blogs/2
2018-02-06T14:30:40.102Z - GET /blogs/
2018-02-06T14:31:40.796Z - GET /blogs/2
2018-02-06T14:31:52.245Z - GET /blogs/2
2018-02-06T14:34:29.888Z - GET /blogs/
2018-02-06T14:35:17.119Z - GET /blogs/
2018-02-06T14:35:17.912Z - GET /blogs/
2018-02-06T14:35:30.898Z - GET /blogs/
2018-02-06T14:35:30.976Z - GET /blogs/blogs/style.css
2018-02-06T14:35:31.464Z - GET /blogs/
2018-02-06T14:35:31.559Z - GET /blogs/blogs/style.css
2018-02-06T14:35:31.756Z - GET /blogs/
2018-02-06T14:35:31.832Z - GET /blogs/blogs/style.css
2018-02-06T14:35:31.941Z - GET /blogs/
2018-02-06T14:35:32.016Z - GET /blogs/blogs/style.css
2018-02-06T14:35:37.445Z - GET /blogs/
2018-02-06T14:35:37.518Z - GET /views/blogs/style.css
2018-02-06T14:35:38.005Z - GET /blogs/
2018-02-06T14:35:38.098Z - GET /views/blogs/style.css
2018-02-06T14:35:38.173Z - GET /blogs/
2018-02-06T14:35:38.252Z - GET /views/blogs/style.css
2018-02-06T14:35:38.383Z - GET /blogs/
2018-02-06T14:35:38.466Z - GET /views/blogs/style.css
2018-02-06T14:36:30.806Z - GET /blogs/
2018-02-06T14:36:30.898Z - GET /blogs/blogs/style.css
2018-02-06T14:36:31.341Z - GET /blogs/
2018-02-06T14:36:31.423Z - GET /blogs/blogs/style.css
2018-02-06T14:36:32.445Z - GET /blogs/
2018-02-06T14:36:32.545Z - GET /blogs/blogs/style.css
2018-02-06T14:36:34.389Z - GET /
2018-02-06T14:36:43.226Z - GET /
2018-02-06T14:36:44.029Z - GET /blogs/style.css
2018-02-06T14:37:16.321Z - GET /
2018-02-06T14:37:16.554Z - GET /blogs/style.css
2018-02-06T14:37:16.567Z - GET /blogs/style.css/
2018-02-06T14:37:18.229Z - GET /
2018-02-06T14:37:18.325Z - GET /blogs/style.css/
2018-02-06T14:37:23.741Z - GET /
2018-02-06T14:37:24.098Z - GET /blogs/style.css/
2018-02-06T14:37:24.549Z - GET /
2018-02-06T14:37:24.647Z - GET /blogs/style.css/
2018-02-06T14:37:25.091Z - GET /
2018-02-06T14:37:25.187Z - GET /blogs/style.css/
2018-02-06T14:37:25.372Z - GET /
2018-02-06T14:37:25.468Z - GET /blogs/style.css/
2018-02-06T14:37:30.875Z - GET /
2018-02-06T14:37:31.305Z - GET /blogs/style.css/
2018-02-06T14:37:31.787Z - GET /
2018-02-06T14:37:31.877Z - GET /blogs/style.css/
2018-02-06T14:37:32.474Z - GET /
2018-02-06T14:37:32.573Z - GET /blogs/style.css/
2018-02-06T14:37:35.216Z - GET /blogs/
2018-02-06T14:37:37.980Z - GET /blogs/2
2018-02-06T14:37:48.655Z - GET /blogs/2
2018-02-06T14:37:49.158Z - GET /blogs/2
2018-02-06T14:37:49.422Z - GET /blogs/2
2018-02-06T14:37:49.589Z - GET /blogs/2
2018-02-06T14:37:49.764Z - GET /blogs/2
2018-02-06T14:37:52.648Z - GET /blogs/2
2018-02-06T14:37:53.301Z - GET /blogs/2
2018-02-06T14:37:53.513Z - GET /blogs/2
2018-02-06T14:37:54.028Z - GET /blogs/2
2018-02-06T14:38:08.510Z - GET /blogs/2
2018-02-06T14:38:09.093Z - GET /blogs/2
2018-02-06T14:38:09.571Z - GET /blogs/2
2018-02-06T14:38:09.858Z - GET /blogs/2
2018-02-06T14:43:06.794Z - GET /blogs/2
2018-02-06T14:43:11.607Z - GET /blogs/2/21212
2018-02-06T14:43:27.115Z - GET /blogs/2/21212
2018-02-06T14:43:37.678Z - GET /blogs/2/21212
2018-02-06T14:44:16.191Z - GET /blogs/2/21212
2018-02-06T14:44:27.570Z - GET /blogs/2/21212
2018-02-06T14:44:51.940Z - GET /blogs/2/21212
2018-02-06T14:45:10.272Z - GET /blogs/2/21212
2018-02-06T14:46:10.105Z - GET /blogs/2/21212
2018-02-06T14:53:32.321Z - GET /blogs/
2018-02-06T14:53:35.527Z - GET /
2018-02-06T14:53:56.525Z - GET /
2018-02-06T14:53:59.916Z - GET /blogs/
2018-02-06T14:54:28.267Z - GET /blogs/
2018-02-06T14:54:42.440Z - GET /blogs/
2018-02-06T14:54:57.382Z - GET /blogs/
2018-02-06T14:55:10.884Z - GET /blogs/
2018-02-06T14:55:18.703Z - GET /
2018-02-06T14:57:02.483Z - GET /blogs/
2018-02-06T14:57:03.977Z - GET /blogs/
2018-02-06T14:57:18.220Z - GET /blogs/
2018-02-06T14:57:22.046Z - GET /blogs/2
2018-02-06T14:58:58.203Z - GET /blogs/
2018-02-06T14:59:01.999Z - GET /blogs/2
2018-02-06T14:59:09.679Z - GET /blogs/
2018-02-06T14:59:14.770Z - GET /blogs/
2018-02-06T14:59:38.289Z - GET /blogs/
2018-02-06T14:59:40.947Z - GET /blogs/2
2018-02-06T15:00:31.493Z - GET /blogs/
2018-02-06T15:00:38.488Z - GET /blogs/
2018-02-06T15:00:49.997Z - GET /blogs/
2018-02-06T15:00:52.473Z - GET /blogs/2
2018-02-06T15:01:08.789Z - GET /blogs/2
2018-02-06T15:02:58.487Z - GET /blogs/
2018-02-06T15:02:59.900Z - GET /blogs/2
2018-02-06T15:03:29.882Z - GET /blogs/2
2018-02-06T15:03:32.529Z - GET /blogs/
2018-02-06T15:03:52.829Z - GET /blogs/5a7973a9734d1d0828bcd3b8
2018-02-06T15:03:58.762Z - GET /blogs/5a7973a9734d1d0828bcd3b8
2018-02-06T15:04:00.018Z - GET /blogs/5a7973a9734d1d0828bcd3b8
2018-02-06T15:04:01.816Z - GET /blogs/
2018-02-06T15:04:19.017Z - GET /blogs/
2018-02-06T15:04:21.364Z - GET /blogs/5a7973a9734d1d0828bcd3b8
2018-02-06T15:05:30.090Z - GET /blogs/5a7973a9734d1d0828bcd3b8
2018-02-06T15:05:33.023Z - GET /blogs/
2018-02-06T15:07:15.082Z - GET /blogs/
2018-02-06T15:07:17.056Z - GET /blogs/
2018-02-06T15:07:52.514Z - GET /blogs/
